# JRE version: OpenJDK Runtime Environment Temurin-17.0.11+9 (17.0.11+9) (build 17.0.11+9)
# Java VM: OpenJDK 64-Bit Server VM Temurin-17.0.11+9 (17.0.11+9, mixed mode, emulated-client, tiered, compressed oops, compressed class ptrs, g1 gc, windows-amd64)
GC Precious Log:
 CPUs: 12 total, 12 available
 Memory: 24418M
 Large Page Support: Disabled
 NUMA Support: Disabled
 Compressed Oops: Enabled (32-bit)
 Heap Region Size: 1M
 Heap Min Capacity: 8M
 Heap Initial Capacity: 382M
 Heap Max Capacity: 1G
 Pre-touch: Disabled
 Parallel Workers: 10
 Concurrent Workers: 3
 Concurrent Refinement Workers: 10
 Periodic GC: Disabled
Heap:
 garbage-first heap   total 81920K, used 51114K [0x00000000c0000000, 0x0000000100000000)
  region size 1024K, 19 young (19456K), 0 survivors (0K)
 Metaspace       used 60001K, committed 60480K, reserved 1114112K
  class space    used 7294K, committed 7488K, reserved 1048576K
GC Heap History (20 events):
Event: 10.978 GC heap after
{Heap after GC invocations=7 (full 0):
 garbage-first heap   total 78848K, used 28743K [0x00000000c0000000, 0x0000000100000000)
  region size 1024K, 3 young (3072K), 3 survivors (3072K)
 Metaspace       used 35940K, committed 36288K, reserved 1114112K
  class space    used 4433K, committed 4608K, reserved 1048576K
}
Event: 13.098 GC heap before
{Heap before GC invocations=8 (full 0):
 garbage-first heap   total 78848K, used 56391K [0x00000000c0000000, 0x0000000100000000)
  region size 1024K, 30 young (30720K), 3 survivors (3072K)
 Metaspace       used 40614K, committed 41024K, reserved 1114112K
  class space    used 5172K, committed 5376K, reserved 1048576K
}
Event: 13.107 GC heap after
{Heap after GC invocations=9 (full 0):
 garbage-first heap   total 78848K, used 31021K [0x00000000c0000000, 0x0000000100000000)
  region size 1024K, 3 young (3072K), 3 survivors (3072K)
 Metaspace       used 40614K, committed 41024K, reserved 1114112K
  class space    used 5172K, committed 5376K, reserved 1048576K
}
Event: 14.485 GC heap before
{Heap before GC invocations=9 (full 0):
 garbage-first heap   total 78848K, used 57645K [0x00000000c0000000, 0x0000000100000000)
  region size 1024K, 29 young (29696K), 3 survivors (3072K)
 Metaspace       used 45426K, committed 45888K, reserved 1114112K
  class space    used 5743K, committed 5952K, reserved 1048576K
}
Event: 14.490 GC heap after
{Heap after GC invocations=10 (full 0):
 garbage-first heap   total 78848K, used 33618K [0x00000000c0000000, 0x0000000100000000)
  region size 1024K, 3 young (3072K), 3 survivors (3072K)
 Metaspace       used 45426K, committed 45888K, reserved 1114112K
  class space    used 5743K, committed 5952K, reserved 1048576K
}
Event: 56.955 GC heap before
{Heap before GC invocations=10 (full 0):
 garbage-first heap   total 78848K, used 58194K [0x00000000c0000000, 0x0000000100000000)
  region size 1024K, 28 young (28672K), 3 survivors (3072K)
 Metaspace       used 51266K, committed 51776K, reserved 1114112K
  class space    used 6449K, committed 6656K, reserved 1048576K
}
Event: 56.967 GC heap after
{Heap after GC invocations=11 (full 0):
 garbage-first heap   total 78848K, used 35498K [0x00000000c0000000, 0x0000000100000000)
  region size 1024K, 3 young (3072K), 3 survivors (3072K)
 Metaspace       used 51266K, committed 51776K, reserved 1114112K
  class space    used 6449K, committed 6656K, reserved 1048576K
}
Event: 58.902 GC heap before
{Heap before GC invocations=11 (full 0):
 garbage-first heap   total 78848K, used 58026K [0x00000000c0000000, 0x0000000100000000)
  region size 1024K, 26 young (26624K), 3 survivors (3072K)
 Metaspace       used 54106K, committed 54592K, reserved 1114112K
  class space    used 6676K, committed 6912K, reserved 1048576K
}
Event: 58.907 GC heap after
{Heap after GC invocations=12 (full 0):
 garbage-first heap   total 78848K, used 39348K [0x00000000c0000000, 0x0000000100000000)
  region size 1024K, 4 young (4096K), 4 survivors (4096K)
 Metaspace       used 54106K, committed 54592K, reserved 1114112K
  class space    used 6676K, committed 6912K, reserved 1048576K
}
Event: 62.440 GC heap before
{Heap before GC invocations=12 (full 0):
 garbage-first heap   total 78848K, used 58804K [0x00000000c0000000, 0x0000000100000000)
  region size 1024K, 24 young (24576K), 4 survivors (4096K)
 Metaspace       used 57660K, committed 58176K, reserved 1114112K
  class space    used 7028K, committed 7232K, reserved 1048576K
}
Event: 62.449 GC heap after
{Heap after GC invocations=13 (full 0):
 garbage-first heap   total 78848K, used 42266K [0x00000000c0000000, 0x0000000100000000)
  region size 1024K, 3 young (3072K), 3 survivors (3072K)
 Metaspace       used 57660K, committed 58176K, reserved 1114112K
  class space    used 7028K, committed 7232K, reserved 1048576K
}
Event: 63.615 GC heap before
{Heap before GC invocations=14 (full 0):
 garbage-first heap   total 81920K, used 60698K [0x00000000c0000000, 0x0000000100000000)
  region size 1024K, 21 young (21504K), 3 survivors (3072K)
 Metaspace       used 59711K, committed 60096K, reserved 1114112K
  class space    used 7264K, committed 7424K, reserved 1048576K
}
Event: 63.620 GC heap after
{Heap after GC invocations=15 (full 0):
 garbage-first heap   total 81920K, used 43793K [0x00000000c0000000, 0x0000000100000000)
  region size 1024K, 2 young (2048K), 2 survivors (2048K)
 Metaspace       used 59711K, committed 60096K, reserved 1114112K
  class space    used 7264K, committed 7424K, reserved 1048576K
}
Event: 63.673 GC heap before
{Heap before GC invocations=15 (full 0):
 garbage-first heap   total 81920K, used 45841K [0x00000000c0000000, 0x0000000100000000)
  region size 1024K, 4 young (4096K), 2 survivors (2048K)
 Metaspace       used 59729K, committed 60096K, reserved 1114112K
  class space    used 7266K, committed 7424K, reserved 1048576K
}
Event: 63.676 GC heap after
{Heap after GC invocations=16 (full 0):
 garbage-first heap   total 81920K, used 43570K [0x00000000c0000000, 0x0000000100000000)
  region size 1024K, 1 young (1024K), 1 survivors (1024K)
 Metaspace       used 59729K, committed 60096K, reserved 1114112K
  class space    used 7266K, committed 7424K, reserved 1048576K
}
Event: 152.400 GC heap before
{Heap before GC invocations=16 (full 0):
 garbage-first heap   total 81920K, used 46642K [0x00000000c0000000, 0x0000000100000000)
  region size 1024K, 5 young (5120K), 1 survivors (1024K)
 Metaspace       used 60025K, committed 60480K, reserved 1114112K
  class space    used 7304K, committed 7488K, reserved 1048576K
}
Event: 152.442 GC heap after
{Heap after GC invocations=17 (full 1):
 garbage-first heap   total 81920K, used 37195K [0x00000000c0000000, 0x0000000100000000)
  region size 1024K, 0 young (0K), 0 survivors (0K)
 Metaspace       used 59985K, committed 60480K, reserved 1114112K
  class space    used 7297K, committed 7488K, reserved 1048576K
}
Event: 162.789 GC heap before
{Heap before GC invocations=17 (full 1):
 garbage-first heap   total 81920K, used 37195K [0x00000000c0000000, 0x0000000100000000)
  region size 1024K, 1 young (1024K), 0 survivors (0K)
 Metaspace       used 59986K, committed 60480K, reserved 1114112K
  class space    used 7297K, committed 7488K, reserved 1048576K
}
Event: 162.830 GC heap after
{Heap after GC invocations=18 (full 2):
 garbage-first heap   total 81920K, used 31759K [0x00000000c0000000, 0x0000000100000000)
  region size 1024K, 0 young (0K), 0 survivors (0K)
 Metaspace       used 59932K, committed 60480K, reserved 1114112K
  class space    used 7284K, committed 7488K, reserved 1048576K
}
Event: 283.488 GC heap before
{Heap before GC invocations=18 (full 2):
 garbage-first heap   total 81920K, used 49167K [0x00000000c0000000, 0x0000000100000000)
  region size 1024K, 19 young (19456K), 0 survivors (0K)
 Metaspace       used 60001K, committed 60480K, reserved 1114112K
  class space    used 7294K, committed 7488K, reserved 1048576K
}

